config xmlns="http://tail-f.com/ns/config/1.0">
  <devices xmlns="http://tail-f.com/ns/ncs">
    <device>
      <name>router1</name>
      <address>10.1.1.71</address>
      <port>22</port>
      <authgroup>cml_network</authgroup>
      <device-type>
        <cli>
          <ned-id xmlns:cisco-ios-cli-6.61="http://tail-f.com/ns/ned-id/cisco-ios-cli-6.61">cisco-ios-cli-6.61:cisco-ios-cli-6.61</ned-id>
        </cli>
      </device-type>
      <state>
        <admin-state>unlocked</admin-state>
      </state>
    </device>
    <device>
      <name>router2</name>
      <address>10.1.1.72</address>
      <port>22</port>
      <authgroup>cml_network</authgroup>
      <device-type>
        <cli>
          <ned-id xmlns:cisco-ios-cli-6.61="http://tail-f.com/ns/ned-id/cisco-ios-cli-6.61">cisco-ios-cli-6.61:cisco-ios-cli-6.61</ned-id>
        </cli>
      </device-type>
      <state>
        <admin-state>unlocked</admin-state>
      </state>
    </device>
  </devices>
</config>